<?xml version="1.0" encoding="UTF-8"?>
<testsuite name="com.tradeteq.screenplay.CreateCoperate" time="41.47" tests="2" errors="0" skipped="0" failures="1">
  <properties>
[...]
</properties>
  <testcase name="VerifyDisplayingTheRequiredErrorMessage" classname="com.tradeteq.screenplay.CreateCoperate" time="14.648">
    <failure message="&#10;Expected: is &quot;This field is required&quot;&#10;     but: was &quot;This field is required.&quot;" type="java.lang.AssertionError">java.lang.AssertionError: 
Expected: is "This field is required"
     but: was "This field is required."
	at com.tradeteq.screenplay.CreateCoperate.VerifyDisplayingTheRequiredErrorMessage(CreateCoperate.java:78)
</failure>
    <system-err><![CDATA[384 [main] INFO  - 

-------------------------------------------------------------------------------------
     _______. _______ .______       _______ .__   __.  __  .___________.____    ____ 
    /       ||   ____||   _  \     |   ____||  \ |  | |  | |           |\   \  /   / 
   |   (----`|  |__   |  |_)  |    |  |__   |   \|  | |  | `---|  |----` \   \/   /  
    \   \    |   __|  |      /     |   __|  |  . `  | |  |     |  |       \_    _/   
.----)   |   |  |____ |  |\  \----.|  |____ |  |\   | |  |     |  |         |  |     
|_______/    |_______|| _| `._____||_______||__| \__| |__|     |__|         |__|    
                                                                                     
 News and tutorials at http://www.serenity-bdd.info                                  
 Documentation at https://wakaleo.gitbooks.io/the-serenity-book/content/             
 Join the Serenity Community on Gitter: https://gitter.im/serenity-bdd/serenity-core 
 Serenity BDD Support and Training at http://serenity-bdd.info/#/trainingandsupport  
 Learn Serenity BDD online at https://www.serenitydojo.net                           
-------------------------------------------------------------------------------------

415 [main] INFO  - Test Suite Started: Create coperate
640 [main] INFO  - 
 _____ _____ ____ _____   ____ _____  _    ____ _____ _____ ____  
|_   _| ____/ ___|_   _| / ___|_   _|/ \  |  _ \_   _| ____|  _ \ 
  | | |  _| \___ \ | |   \___ \ | | / _ \ | |_) || | |  _| | | | |
  | | | |___ ___) || |    ___) || |/ ___ \|  _ < | | | |___| |_| |
  |_| |_____|____/ |_|   |____/ |_/_/   \_\_| \_\|_| |_____|____/ 

VerifyDisplayingTheRequiredErrorMessage
-------------------------------------------------------------------
890 [main] INFO io.github.bonigarcia.wdm.WebDriverManager - Using chromedriver 81.0.4044.138 (since Google Chrome 81 is installed in your machine)
903 [main] INFO io.github.bonigarcia.wdm.WebDriverManager - Exporting webdriver.chrome.driver as /Users/haidoan/.m2/repository/webdriver/chromedriver/mac64/81.0.4044.138/chromedriver
May 13, 2020 1:47:58 PM org.openqa.selenium.remote.DesiredCapabilities chrome
INFO: Using `new ChromeOptions()` is preferred to `DesiredCapabilities.chrome()`
1551 [main] INFO net.serenitybdd.core.webdriver.driverproviders.ProvideNewDriver - Instantiating driver
1553 [main] INFO net.serenitybdd.core.webdriver.driverproviders.ProvideNewDriver - Driver capabilities: Capabilities {acceptInsecureCerts: false, browserName: chrome, goog:chromeOptions: {args: [], extensions: []}, loggingPrefs: org.openqa.selenium.logging..., platform: ANY, version: }
Starting ChromeDriver 81.0.4044.138 (8c6c7ba89cc9453625af54f11fd83179e23450fa-refs/branch-heads/4044@{#999}) on port 2923
Only local connections are allowed.
Please protect ports used by ChromeDriver and related test frameworks to prevent access by malicious code.
May 13, 2020 1:47:59 PM org.openqa.selenium.remote.ProtocolHandshake createSession
INFO: Detected dialect: W3C
[1589352480.405][SEVERE]: Timed out receiving message from renderer: 0.100
[1589352480.516][SEVERE]: Timed out receiving message from renderer: 0.100
[1589352480.617][SEVERE]: Timed out receiving message from renderer: 0.100
[1589352480.768][SEVERE]: Timed out receiving message from renderer: 0.100
[1589352480.870][SEVERE]: Timed out receiving message from renderer: 0.100
[1589352480.972][SEVERE]: Timed out receiving message from renderer: 0.100
[1589352481.073][SEVERE]: Timed out receiving message from renderer: 0.100
[1589352481.175][SEVERE]: Timed out receiving message from renderer: 0.100
[1589352481.277][SEVERE]: Timed out receiving message from renderer: 0.100
[1589352482.199][SEVERE]: Timed out receiving message from renderer: 0.100
[1589352486.689][SEVERE]: Timed out receiving message from renderer: 0.100
[1589352486.809][SEVERE]: Timed out receiving message from renderer: 0.100
[1589352487.178][SEVERE]: Timed out receiving message from renderer: 0.100
]]></system-err>
  </testcase>
  <testcase name="CheckCorperateInformationAfterCreatingSuccessfully" classname="com.tradeteq.screenplay.CreateCoperate" time="26.822"/>
</testsuite>